Picked up JAVA_TOOL_OPTIONS:  -Xmx3489m
Spark Command: /home/gitpod/.sdkman/candidates/java/current/bin/java -cp /workspace/example-yugabyte-etl-with-airflow-and-spark/spark-3.2.2-bin-hadoop3.2/conf/:/workspace/example-yugabyte-etl-with-airflow-and-spark/spark-3.2.2-bin-hadoop3.2/jars/* -Xmx1g org.apache.spark.deploy.master.Master --host anant-exampleyugabytee-78sr38upau3 --port 7077 --webui-port 8080
========================================
Picked up JAVA_TOOL_OPTIONS:  -Xmx3489m
Using Spark's default log4j profile: org/apache/spark/log4j-defaults.properties
22/10/19 14:00:04 INFO Master: Started daemon with process name: 2369@anant-exampleyugabytee-78sr38upau3
22/10/19 14:00:04 INFO SignalUtils: Registering signal handler for TERM
22/10/19 14:00:04 INFO SignalUtils: Registering signal handler for HUP
22/10/19 14:00:04 INFO SignalUtils: Registering signal handler for INT
22/10/19 14:00:04 WARN Utils: Your hostname, anant-exampleyugabytee-78sr38upau3 resolves to a loopback address: 127.0.0.1; using 10.0.5.2 instead (on interface ceth0)
22/10/19 14:00:04 WARN Utils: Set SPARK_LOCAL_IP if you need to bind to another address
WARNING: An illegal reflective access operation has occurred
WARNING: Illegal reflective access by org.apache.spark.unsafe.Platform (file:/workspace/example-yugabyte-etl-with-airflow-and-spark/spark-3.2.2-bin-hadoop3.2/jars/spark-unsafe_2.12-3.2.2.jar) to constructor java.nio.DirectByteBuffer(long,int)
WARNING: Please consider reporting this to the maintainers of org.apache.spark.unsafe.Platform
WARNING: Use --illegal-access=warn to enable warnings of further illegal reflective access operations
WARNING: All illegal access operations will be denied in a future release
22/10/19 14:00:04 WARN NativeCodeLoader: Unable to load native-hadoop library for your platform... using builtin-java classes where applicable
22/10/19 14:00:04 INFO SecurityManager: Changing view acls to: gitpod
22/10/19 14:00:04 INFO SecurityManager: Changing modify acls to: gitpod
22/10/19 14:00:04 INFO SecurityManager: Changing view acls groups to: 
22/10/19 14:00:04 INFO SecurityManager: Changing modify acls groups to: 
22/10/19 14:00:04 INFO SecurityManager: SecurityManager: authentication disabled; ui acls disabled; users  with view permissions: Set(gitpod); groups with view permissions: Set(); users  with modify permissions: Set(gitpod); groups with modify permissions: Set()
22/10/19 14:00:05 INFO Utils: Successfully started service 'sparkMaster' on port 7077.
22/10/19 14:00:05 INFO Master: Starting Spark master at spark://anant-exampleyugabytee-78sr38upau3:7077
22/10/19 14:00:05 INFO Master: Running Spark version 3.2.2
22/10/19 14:00:05 INFO Utils: Successfully started service 'MasterUI' on port 8080.
22/10/19 14:00:05 INFO MasterWebUI: Bound MasterWebUI to 0.0.0.0, and started at http://10.0.5.2:8080
22/10/19 14:00:05 INFO Master: I have been elected leader! New state: ALIVE
